TN:
SF:src/brandi_json_schema.ts
FN:66,validateBrandiJsonSchema
FNF:1
FNH:0
FNDA:0,validateBrandiJsonSchema
DA:1,0
DA:4,0
DA:19,0
DA:65,0
DA:66,0
DA:67,0
DA:68,0
DA:69,0
DA:71,0
DA:74,0
LF:10
LH:0
BRDA:67,0,0,0
BRDA:67,0,1,0
BRF:2
BRH:0
end_of_record
TN:
SF:src/genai.ts
FN:32,readBase64File
FN:44,callChat
FN:123,(anonymous_3)
FN:144,callAssistant
FN:154,fileMessageBuilder
FN:184,(anonymous_6)
FN:256,(anonymous_7)
FN:261,(anonymous_8)
FN:267,(anonymous_9)
FN:295,cleanupUploadedFiles
FN:303,(anonymous_11)
FN:314,getOpenAIAssistants
FN:317,(anonymous_13)
FNF:13
FNH:0
FNDA:0,readBase64File
FNDA:0,callChat
FNDA:0,(anonymous_3)
FNDA:0,callAssistant
FNDA:0,fileMessageBuilder
FNDA:0,(anonymous_6)
FNDA:0,(anonymous_7)
FNDA:0,(anonymous_8)
FNDA:0,(anonymous_9)
FNDA:0,cleanupUploadedFiles
FNDA:0,(anonymous_11)
FNDA:0,getOpenAIAssistants
FNDA:0,(anonymous_13)
DA:1,0
DA:2,0
DA:3,0
DA:4,0
DA:5,0
DA:6,0
DA:8,0
DA:9,0
DA:11,0
DA:12,0
DA:34,0
DA:36,0
DA:38,0
DA:39,0
DA:41,0
DA:44,0
DA:45,0
DA:47,0
DA:48,0
DA:49,0
DA:52,0
DA:61,0
DA:63,0
DA:64,0
DA:66,0
DA:67,0
DA:68,0
DA:71,0
DA:73,0
DA:74,0
DA:87,0
DA:89,0
DA:90,0
DA:91,0
DA:92,0
DA:94,0
DA:95,0
DA:98,0
DA:100,0
DA:101,0
DA:111,0
DA:114,0
DA:121,0
DA:122,0
DA:123,0
DA:126,0
DA:127,0
DA:128,0
DA:130,0
DA:131,0
DA:135,0
DA:136,0
DA:144,0
DA:145,0
DA:147,0
DA:148,0
DA:149,0
DA:153,0
DA:156,0
DA:157,0
DA:158,0
DA:161,0
DA:162,0
DA:163,0
DA:164,0
DA:165,0
DA:169,0
DA:170,0
DA:171,0
DA:174,0
DA:176,0
DA:177,0
DA:182,0
DA:183,0
DA:184,0
DA:188,0
DA:191,0
DA:193,0
DA:205,0
DA:207,0
DA:208,0
DA:212,0
DA:213,0
DA:215,0
DA:216,0
DA:217,0
DA:219,0
DA:220,0
DA:221,0
DA:223,0
DA:225,0
DA:226,0
DA:228,0
DA:229,0
DA:230,0
DA:232,0
DA:236,0
DA:239,0
DA:240,0
DA:242,0
DA:243,0
DA:244,0
DA:246,0
DA:247,0
DA:248,0
DA:250,0
DA:251,0
DA:252,0
DA:255,0
DA:256,0
DA:259,0
DA:260,0
DA:261,0
DA:265,0
DA:266,0
DA:267,0
DA:272,0
DA:274,0
DA:275,0
DA:278,0
DA:281,0
DA:283,0
DA:286,0
DA:289,0
DA:291,0
DA:296,0
DA:298,0
DA:300,0
DA:301,0
DA:302,0
DA:303,0
DA:306,0
DA:308,0
DA:314,0
DA:315,0
DA:316,0
DA:317,0
DA:320,0
DA:321,0
DA:323,0
DA:324,0
LF:141
LH:0
BRDA:36,0,0,0
BRDA:36,0,1,0
BRDA:45,1,0,0
BRDA:45,1,1,0
BRDA:47,2,0,0
BRDA:47,2,1,0
BRDA:47,3,0,0
BRDA:47,3,1,0
BRDA:53,4,0,0
BRDA:53,4,1,0
BRDA:57,5,0,0
BRDA:57,5,1,0
BRDA:58,6,0,0
BRDA:58,6,1,0
BRDA:63,7,0,0
BRDA:63,7,1,0
BRDA:63,8,0,0
BRDA:63,8,1,0
BRDA:66,9,0,0
BRDA:66,9,1,0
BRDA:89,10,0,0
BRDA:89,10,1,0
BRDA:89,11,0,0
BRDA:89,11,1,0
BRDA:94,12,0,0
BRDA:94,12,1,0
BRDA:126,13,0,0
BRDA:126,13,1,0
BRDA:126,14,0,0
BRDA:126,14,1,0
BRDA:126,14,2,0
BRDA:145,15,0,0
BRDA:145,15,1,0
BRDA:147,16,0,0
BRDA:147,16,1,0
BRDA:147,17,0,0
BRDA:147,17,1,0
BRDA:156,18,0,0
BRDA:156,18,1,0
BRDA:163,19,0,0
BRDA:163,19,1,0
BRDA:169,20,0,0
BRDA:169,20,1,0
BRDA:215,21,0,0
BRDA:215,21,1,0
BRDA:215,22,0,0
BRDA:215,22,1,0
BRDA:217,23,0,0
BRDA:217,23,1,0
BRDA:217,24,0,0
BRDA:217,24,1,0
BRDA:220,25,0,0
BRDA:220,25,1,0
BRDA:225,26,0,0
BRDA:225,26,1,0
BRDA:225,27,0,0
BRDA:225,27,1,0
BRDA:229,28,0,0
BRDA:229,28,1,0
BRDA:237,29,0,0
BRDA:237,29,1,0
BRDA:239,30,0,0
BRDA:239,30,1,0
BRDA:242,31,0,0
BRDA:242,31,1,0
BRDA:246,32,0,0
BRDA:246,32,1,0
BRDA:250,33,0,0
BRDA:250,33,1,0
BRDA:265,34,0,0
BRDA:265,34,1,0
BRDA:296,35,0,0
BRDA:296,35,1,0
BRF:73
BRH:0
end_of_record
TN:
SF:src/prompts.ts
FNF:0
FNH:0
DA:2,0
DA:61,0
LF:2
LH:0
BRF:0
BRH:0
end_of_record
TN:
SF:src/utils/config.ts
FN:51,(anonymous_0)
FN:77,(anonymous_1)
FN:95,(anonymous_2)
FN:116,(anonymous_3)
FN:130,(anonymous_4)
FN:146,(anonymous_5)
FN:150,(anonymous_6)
FN:157,(anonymous_7)
FN:161,(anonymous_8)
FN:166,(anonymous_9)
FN:197,(anonymous_10)
FN:238,(anonymous_11)
FN:263,(anonymous_12)
FN:330,getConfig
FN:335,reloadConfig
FNF:15
FNH:0
FNDA:0,(anonymous_0)
FNDA:0,(anonymous_1)
FNDA:0,(anonymous_2)
FNDA:0,(anonymous_3)
FNDA:0,(anonymous_4)
FNDA:0,(anonymous_5)
FNDA:0,(anonymous_6)
FNDA:0,(anonymous_7)
FNDA:0,(anonymous_8)
FNDA:0,(anonymous_9)
FNDA:0,(anonymous_10)
FNDA:0,(anonymous_11)
FNDA:0,(anonymous_12)
FNDA:0,getConfig
FNDA:0,reloadConfig
DA:1,0
DA:2,0
DA:3,0
DA:5,0
DA:50,0
DA:52,0
DA:53,0
DA:56,0
DA:57,0
DA:60,0
DA:61,0
DA:64,0
DA:65,0
DA:68,0
DA:69,0
DA:72,0
DA:73,0
DA:78,0
DA:79,0
DA:82,0
DA:83,0
DA:86,0
DA:87,0
DA:90,0
DA:91,0
DA:96,0
DA:97,0
DA:98,0
DA:101,0
DA:102,0
DA:103,0
DA:106,0
DA:107,0
DA:108,0
DA:111,0
DA:112,0
DA:117,0
DA:118,0
DA:121,0
DA:122,0
DA:125,0
DA:126,0
DA:131,0
DA:133,0
DA:134,0
DA:135,0
DA:136,0
DA:138,0
DA:142,0
DA:147,0
DA:151,0
DA:152,0
DA:154,0
DA:158,0
DA:162,0
DA:163,0
DA:167,0
DA:170,0
DA:173,0
DA:176,0
DA:179,0
DA:182,0
DA:188,0
DA:194,0
DA:198,0
DA:200,0
DA:239,0
DA:245,0
DA:246,0
DA:247,0
DA:248,0
DA:249,0
DA:250,0
DA:251,0
DA:252,0
DA:254,0
DA:259,0
DA:260,0
DA:264,0
DA:299,0
DA:330,0
DA:331,0
DA:335,0
DA:336,0
LF:84
LH:0
BRDA:52,0,0,0
BRDA:52,0,1,0
BRDA:56,1,0,0
BRDA:56,1,1,0
BRDA:56,2,0,0
BRDA:56,2,1,0
BRDA:60,3,0,0
BRDA:60,3,1,0
BRDA:64,4,0,0
BRDA:64,4,1,0
BRDA:64,5,0,0
BRDA:64,5,1,0
BRDA:68,6,0,0
BRDA:68,6,1,0
BRDA:68,7,0,0
BRDA:68,7,1,0
BRDA:72,8,0,0
BRDA:72,8,1,0
BRDA:72,9,0,0
BRDA:72,9,1,0
BRDA:78,10,0,0
BRDA:78,10,1,0
BRDA:82,11,0,0
BRDA:82,11,1,0
BRDA:82,12,0,0
BRDA:82,12,1,0
BRDA:86,13,0,0
BRDA:86,13,1,0
BRDA:86,14,0,0
BRDA:86,14,1,0
BRDA:90,15,0,0
BRDA:90,15,1,0
BRDA:90,16,0,0
BRDA:90,16,1,0
BRDA:97,17,0,0
BRDA:97,17,1,0
BRDA:102,18,0,0
BRDA:102,18,1,0
BRDA:107,19,0,0
BRDA:107,19,1,0
BRDA:111,20,0,0
BRDA:111,20,1,0
BRDA:111,21,0,0
BRDA:111,21,1,0
BRDA:117,22,0,0
BRDA:117,22,1,0
BRDA:117,23,0,0
BRDA:117,23,1,0
BRDA:121,24,0,0
BRDA:121,24,1,0
BRDA:121,25,0,0
BRDA:121,25,1,0
BRDA:125,26,0,0
BRDA:125,26,1,0
BRDA:125,27,0,0
BRDA:125,27,1,0
BRDA:151,28,0,0
BRDA:151,28,1,0
BRDA:202,29,0,0
BRDA:202,29,1,0
BRDA:203,30,0,0
BRDA:203,30,1,0
BRDA:204,31,0,0
BRDA:204,31,1,0
BRDA:205,32,0,0
BRDA:205,32,1,0
BRDA:206,33,0,0
BRDA:206,33,1,0
BRDA:210,34,0,0
BRDA:210,34,1,0
BRDA:212,35,0,0
BRDA:212,35,1,0
BRDA:213,36,0,0
BRDA:213,36,1,0
BRDA:215,37,0,0
BRDA:215,37,1,0
BRDA:218,38,0,0
BRDA:218,38,1,0
BRDA:221,39,0,0
BRDA:221,39,1,0
BRDA:222,40,0,0
BRDA:222,40,1,0
BRDA:223,41,0,0
BRDA:223,41,1,0
BRDA:224,42,0,0
BRDA:224,42,1,0
BRDA:226,43,0,0
BRDA:226,43,1,0
BRDA:229,44,0,0
BRDA:229,44,1,0
BRDA:230,45,0,0
BRDA:230,45,1,0
BRDA:231,46,0,0
BRDA:231,46,1,0
BRDA:246,47,0,0
BRDA:246,47,1,0
BRF:96
BRH:0
end_of_record
TN:
SF:src/utils/logger.ts
FN:3,(anonymous_0)
FN:33,(anonymous_1)
FN:53,(anonymous_2)
FN:57,(anonymous_3)
FN:91,(anonymous_4)
FN:101,(anonymous_5)
FN:130,(anonymous_6)
FN:134,(anonymous_7)
FN:138,(anonymous_8)
FN:142,(anonymous_9)
FN:147,(anonymous_10)
FN:151,(anonymous_11)
FN:157,(anonymous_12)
FN:161,(anonymous_13)
FN:166,(anonymous_14)
FN:170,(anonymous_15)
FN:174,(anonymous_16)
FN:179,(anonymous_17)
FN:199,(anonymous_18)
FN:219,updateLoggerConfig
FN:224,createModuleLogger
FN:229,(anonymous_21)
FN:231,(anonymous_22)
FN:235,(anonymous_23)
FN:239,(anonymous_24)
FN:243,(anonymous_25)
FN:247,(anonymous_26)
FN:251,(anonymous_27)
FN:255,(anonymous_28)
FN:259,(anonymous_29)
FNF:30
FNH:16
FNDA:1,(anonymous_0)
FNDA:1,(anonymous_1)
FNDA:77,(anonymous_2)
FNDA:38,(anonymous_3)
FNDA:38,(anonymous_4)
FNDA:77,(anonymous_5)
FNDA:39,(anonymous_6)
FNDA:15,(anonymous_7)
FNDA:20,(anonymous_8)
FNDA:3,(anonymous_9)
FNDA:0,(anonymous_10)
FNDA:0,(anonymous_11)
FNDA:0,(anonymous_12)
FNDA:0,(anonymous_13)
FNDA:0,(anonymous_14)
FNDA:0,(anonymous_15)
FNDA:0,(anonymous_16)
FNDA:0,(anonymous_17)
FNDA:0,(anonymous_18)
FNDA:0,updateLoggerConfig
FNDA:1,createModuleLogger
FNDA:1,(anonymous_21)
FNDA:39,(anonymous_22)
FNDA:15,(anonymous_23)
FNDA:20,(anonymous_24)
FNDA:3,(anonymous_25)
FNDA:0,(anonymous_26)
FNDA:0,(anonymous_27)
FNDA:0,(anonymous_28)
FNDA:0,(anonymous_29)
DA:1,1
DA:3,1
DA:4,1
DA:5,1
DA:6,1
DA:7,1
DA:8,1
DA:34,1
DA:44,1
DA:45,0
DA:46,0
DA:48,0
DA:54,77
DA:58,38
DA:59,0
DA:63,38
DA:65,38
DA:66,38
DA:69,38
DA:71,38
DA:72,38
DA:75,38
DA:77,38
DA:78,23
DA:81,38
DA:82,0
DA:83,0
DA:84,0
DA:88,38
DA:92,38
DA:93,0
DA:94,15
DA:95,20
DA:96,3
DA:97,0
DA:102,77
DA:103,39
DA:106,38
DA:115,38
DA:118,38
DA:119,38
DA:120,38
DA:121,38
DA:125,38
DA:126,0
DA:131,39
DA:135,15
DA:139,20
DA:143,3
DA:148,0
DA:152,0
DA:153,0
DA:154,0
DA:158,0
DA:162,0
DA:167,0
DA:171,0
DA:175,0
DA:181,0
DA:182,0
DA:186,0
DA:189,0
DA:190,0
DA:191,0
DA:193,0
DA:200,0
DA:201,0
DA:207,1
DA:216,1
DA:219,1
DA:220,0
DA:224,1
DA:225,1
DA:229,1
DA:232,39
DA:236,15
DA:240,20
DA:244,3
DA:248,0
DA:252,0
DA:256,0
DA:260,0
DA:264,1
LF:83
LH:50
BRDA:3,0,0,1
BRDA:3,0,1,1
BRDA:33,1,0,0
BRDA:44,2,0,0
BRDA:44,2,1,1
BRDA:58,3,0,0
BRDA:58,3,1,38
BRDA:65,4,0,38
BRDA:65,4,1,0
BRDA:71,5,0,38
BRDA:71,5,1,0
BRDA:71,6,0,38
BRDA:71,6,1,38
BRDA:77,7,0,23
BRDA:77,7,1,15
BRDA:81,8,0,0
BRDA:81,8,1,38
BRDA:83,9,0,0
BRDA:83,9,1,0
BRDA:92,10,0,0
BRDA:92,10,1,15
BRDA:92,10,2,20
BRDA:92,10,3,3
BRDA:92,10,4,0
BRDA:102,11,0,39
BRDA:102,11,1,38
BRDA:118,12,0,38
BRDA:118,12,1,0
BRDA:125,13,0,0
BRDA:125,13,1,38
BRDA:152,14,0,0
BRDA:152,14,1,0
BRDA:153,15,0,0
BRDA:153,15,1,0
BRDA:181,16,0,0
BRDA:181,16,1,0
BRDA:181,17,0,0
BRDA:181,17,1,0
BRDA:189,18,0,0
BRDA:189,18,1,0
BRDA:189,19,0,0
BRDA:189,19,1,0
BRDA:200,20,0,0
BRDA:200,20,1,0
BRDA:208,21,0,0
BRDA:208,21,1,1
BRF:46
BRH:19
end_of_record
TN:
SF:src/utils/retry.ts
FN:30,delay
FN:31,(anonymous_1)
FN:34,isRetryableError
FN:41,(anonymous_3)
FN:48,withRetry
FN:97,withRetryOpenAI
FNF:6
FNH:6
FNDA:20,delay
FNDA:20,(anonymous_1)
FNDA:21,isRetryableError
FNDA:51,(anonymous_3)
FNDA:19,withRetry
FNDA:6,withRetryOpenAI
DA:1,1
DA:3,1
DA:13,1
DA:31,20
DA:35,21
DA:37,21
DA:38,21
DA:39,21
DA:41,21
DA:42,51
DA:48,1
DA:53,19
DA:56,19
DA:57,39
DA:58,39
DA:59,39
DA:61,16
DA:62,15
DA:65,16
DA:67,23
DA:69,23
DA:70,2
DA:71,2
DA:74,21
DA:75,1
DA:76,1
DA:79,20
DA:84,20
DA:90,20
DA:94,2
DA:97,1
DA:101,6
LF:32
LH:32
BRDA:35,0,0,0
BRDA:35,0,1,21
BRDA:42,1,0,51
BRDA:42,1,1,33
BRDA:42,1,2,32
BRDA:50,2,0,0
BRDA:51,3,0,0
BRDA:61,4,0,15
BRDA:61,4,1,1
BRDA:69,5,0,2
BRDA:69,5,1,21
BRDA:74,6,0,1
BRDA:74,6,1,20
BRDA:99,7,0,0
BRF:14
BRH:10
end_of_record
TN:
SF:src/utils/utils.ts
FN:32,(anonymous_1)
FN:38,(anonymous_2)
FN:44,(anonymous_3)
FN:47,(anonymous_4)
FN:57,analyzeFilePath
FN:100,myParseInt
FN:109,myParseDecimal
FN:118,loadCSVFromFile
FN:130,delay
FN:131,(anonymous_10)
FN:134,parseCSV
FN:143,segmentImageHeaderFooter
FN:218,takeAScreenshotPuppeteer
FN:272,(anonymous_14)
FN:286,(anonymous_15)
FN:322,validJSON
FN:347,detectCMS
FN:388,(anonymous_18)
FN:389,(anonymous_19)
FN:413,(anonymous_20)
FN:418,(anonymous_21)
FN:420,(anonymous_22)
FN:433,(anonymous_23)
FN:435,(anonymous_24)
FN:445,(anonymous_25)
FN:447,(anonymous_26)
FN:472,(anonymous_27)
FN:474,(anonymous_28)
FN:478,(anonymous_29)
FN:495,(anonymous_30)
FN:497,(anonymous_31)
FN:501,(anonymous_32)
FN:521,(anonymous_33)
FN:524,(anonymous_34)
FN:544,(anonymous_35)
FN:547,(anonymous_36)
FNF:36
FNH:0
FNDA:0,(anonymous_1)
FNDA:0,(anonymous_2)
FNDA:0,(anonymous_3)
FNDA:0,(anonymous_4)
FNDA:0,analyzeFilePath
FNDA:0,myParseInt
FNDA:0,myParseDecimal
FNDA:0,loadCSVFromFile
FNDA:0,delay
FNDA:0,(anonymous_10)
FNDA:0,parseCSV
FNDA:0,segmentImageHeaderFooter
FNDA:0,takeAScreenshotPuppeteer
FNDA:0,(anonymous_14)
FNDA:0,(anonymous_15)
FNDA:0,validJSON
FNDA:0,detectCMS
FNDA:0,(anonymous_18)
FNDA:0,(anonymous_19)
FNDA:0,(anonymous_20)
FNDA:0,(anonymous_21)
FNDA:0,(anonymous_22)
FNDA:0,(anonymous_23)
FNDA:0,(anonymous_24)
FNDA:0,(anonymous_25)
FNDA:0,(anonymous_26)
FNDA:0,(anonymous_27)
FNDA:0,(anonymous_28)
FNDA:0,(anonymous_29)
FNDA:0,(anonymous_30)
FNDA:0,(anonymous_31)
FNDA:0,(anonymous_32)
FNDA:0,(anonymous_33)
FNDA:0,(anonymous_34)
FNDA:0,(anonymous_35)
FNDA:0,(anonymous_36)
DA:1,0
DA:2,0
DA:3,0
DA:4,0
DA:5,0
DA:6,0
DA:7,0
DA:8,0
DA:10,0
DA:11,0
DA:13,0
DA:14,0
DA:15,0
DA:17,0
DA:19,0
DA:20,0
DA:28,0
DA:33,0
DA:34,0
DA:35,0
DA:39,0
DA:40,0
DA:41,0
DA:44,0
DA:48,0
DA:49,0
DA:50,0
DA:52,0
DA:57,0
DA:59,0
DA:60,0
DA:63,0
DA:64,0
DA:68,0
DA:69,0
DA:73,0
DA:74,0
DA:75,0
DA:78,0
DA:79,0
DA:80,0
DA:83,0
DA:84,0
DA:87,0
DA:88,0
DA:90,0
DA:91,0
DA:94,0
DA:97,0
DA:100,0
DA:102,0
DA:103,0
DA:104,0
DA:106,0
DA:109,0
DA:111,0
DA:112,0
DA:113,0
DA:115,0
DA:118,0
DA:119,0
DA:120,0
DA:121,0
DA:122,0
DA:123,0
DA:125,0
DA:126,0
DA:130,0
DA:131,0
DA:134,0
DA:135,0
DA:143,0
DA:144,0
DA:145,0
DA:146,0
DA:149,0
DA:150,0
DA:154,0
DA:155,0
DA:159,0
DA:160,0
DA:161,0
DA:165,0
DA:166,0
DA:169,0
DA:170,0
DA:171,0
DA:172,0
DA:174,0
DA:175,0
DA:178,0
DA:179,0
DA:182,0
DA:183,0
DA:186,0
DA:187,0
DA:190,0
DA:191,0
DA:192,0
DA:193,0
DA:194,0
DA:198,0
DA:199,0
DA:200,0
DA:201,0
DA:202,0
DA:205,0
DA:206,0
DA:209,0
DA:210,0
DA:214,0
DA:218,0
DA:219,0
DA:220,0
DA:221,0
DA:223,0
DA:224,0
DA:227,0
DA:228,0
DA:230,0
DA:232,0
DA:233,0
DA:234,0
DA:237,0
DA:238,0
DA:239,0
DA:241,0
DA:242,0
DA:244,0
DA:245,0
DA:247,0
DA:248,0
DA:251,0
DA:252,0
DA:253,0
DA:255,0
DA:259,0
DA:261,0
DA:264,0
DA:266,0
DA:267,0
DA:270,0
DA:271,0
DA:272,0
DA:273,0
DA:274,0
DA:276,0
DA:281,0
DA:282,0
DA:283,0
DA:284,0
DA:286,0
DA:287,0
DA:289,0
DA:290,0
DA:291,0
DA:293,0
DA:294,0
DA:295,0
DA:296,0
DA:302,0
DA:304,0
DA:305,0
DA:307,0
DA:308,0
DA:309,0
DA:310,0
DA:312,0
DA:315,0
DA:316,0
DA:317,0
DA:320,0
DA:322,0
DA:323,0
DA:324,0
DA:326,0
DA:328,0
DA:347,0
DA:349,0
DA:350,0
DA:351,0
DA:353,0
DA:355,0
DA:356,0
DA:359,0
DA:360,0
DA:361,0
DA:362,0
DA:365,0
DA:372,0
DA:373,0
DA:374,0
DA:375,0
DA:377,0
DA:379,0
DA:380,0
DA:381,0
DA:382,0
DA:386,0
DA:388,0
DA:389,0
DA:390,0
DA:391,0
DA:394,0
DA:395,0
DA:401,0
DA:402,0
DA:403,0
DA:404,0
DA:406,0
DA:408,0
DA:411,0
DA:412,0
DA:413,0
DA:415,0
DA:418,0
DA:419,0
DA:420,0
DA:421,0
DA:422,0
DA:423,0
DA:424,0
DA:425,0
DA:426,0
DA:433,0
DA:434,0
DA:435,0
DA:436,0
DA:437,0
DA:438,0
DA:441,0
DA:444,0
DA:445,0
DA:446,0
DA:447,0
DA:448,0
DA:449,0
DA:450,0
DA:453,0
DA:456,0
DA:457,0
DA:458,0
DA:459,0
DA:460,0
DA:461,0
DA:462,0
DA:463,0
DA:467,0
DA:468,0
DA:471,0
DA:472,0
DA:474,0
DA:478,0
DA:480,0
DA:481,0
DA:482,0
DA:485,0
DA:489,0
DA:490,0
DA:494,0
DA:495,0
DA:497,0
DA:501,0
DA:503,0
DA:504,0
DA:505,0
DA:508,0
DA:514,0
DA:515,0
DA:519,0
DA:520,0
DA:521,0
DA:525,0
DA:526,0
DA:529,0
DA:530,0
DA:531,0
DA:532,0
DA:533,0
DA:537,0
DA:538,0
DA:540,0
DA:541,0
DA:543,0
DA:544,0
DA:548,0
LF:286
LH:0
BRDA:19,0,0,0
BRDA:19,0,1,0
BRDA:39,1,0,0
BRDA:39,1,1,0
BRDA:48,2,0,0
BRDA:48,2,1,0
BRDA:50,3,0,0
BRDA:50,3,1,0
BRDA:59,4,0,0
BRDA:59,4,1,0
BRDA:59,5,0,0
BRDA:59,5,1,0
BRDA:63,6,0,0
BRDA:63,6,1,0
BRDA:63,7,0,0
BRDA:63,7,1,0
BRDA:68,8,0,0
BRDA:68,8,1,0
BRDA:68,9,0,0
BRDA:68,9,1,0
BRDA:74,10,0,0
BRDA:74,10,1,0
BRDA:78,11,0,0
BRDA:78,11,1,0
BRDA:83,12,0,0
BRDA:83,12,1,0
BRDA:83,13,0,0
BRDA:83,13,1,0
BRDA:90,14,0,0
BRDA:90,14,1,0
BRDA:90,15,0,0
BRDA:90,15,1,0
BRDA:103,16,0,0
BRDA:103,16,1,0
BRDA:112,17,0,0
BRDA:112,17,1,0
BRDA:149,18,0,0
BRDA:149,18,1,0
BRDA:149,19,0,0
BRDA:149,19,1,0
BRDA:154,20,0,0
BRDA:154,20,1,0
BRDA:154,21,0,0
BRDA:154,21,1,0
BRDA:160,22,0,0
BRDA:160,22,1,0
BRDA:165,23,0,0
BRDA:165,23,1,0
BRDA:174,24,0,0
BRDA:174,24,1,0
BRDA:175,25,0,0
BRDA:175,25,1,0
BRDA:178,26,0,0
BRDA:178,26,1,0
BRDA:178,27,0,0
BRDA:178,27,1,0
BRDA:182,28,0,0
BRDA:182,28,1,0
BRDA:182,29,0,0
BRDA:182,29,1,0
BRDA:186,30,0,0
BRDA:186,30,1,0
BRDA:186,31,0,0
BRDA:186,31,1,0
BRDA:190,32,0,0
BRDA:190,32,1,0
BRDA:198,33,0,0
BRDA:198,33,1,0
BRDA:227,34,0,0
BRDA:227,34,1,0
BRDA:227,35,0,0
BRDA:227,35,1,0
BRDA:230,36,0,0
BRDA:230,36,1,0
BRDA:232,37,0,0
BRDA:232,37,1,0
BRDA:232,38,0,0
BRDA:232,38,1,0
BRDA:238,39,0,0
BRDA:238,39,1,0
BRDA:238,40,0,0
BRDA:238,40,1,0
BRDA:241,41,0,0
BRDA:241,41,1,0
BRDA:241,42,0,0
BRDA:241,42,1,0
BRDA:244,43,0,0
BRDA:244,43,1,0
BRDA:247,44,0,0
BRDA:247,44,1,0
BRDA:270,45,0,0
BRDA:270,45,1,0
BRDA:273,46,0,0
BRDA:273,46,1,0
BRDA:307,47,0,0
BRDA:307,47,1,0
BRDA:315,48,0,0
BRDA:315,48,1,0
BRDA:349,49,0,0
BRDA:349,49,1,0
BRDA:349,50,0,0
BRDA:349,50,1,0
BRDA:353,51,0,0
BRDA:353,51,1,0
BRDA:355,52,0,0
BRDA:355,52,1,0
BRDA:355,53,0,0
BRDA:355,53,1,0
BRDA:360,54,0,0
BRDA:360,54,1,0
BRDA:360,55,0,0
BRDA:360,55,1,0
BRDA:380,56,0,0
BRDA:380,56,1,0
BRDA:390,57,0,0
BRDA:390,57,1,0
BRDA:395,58,0,0
BRDA:395,58,1,0
BRDA:396,59,0,0
BRDA:396,59,1,0
BRDA:396,59,2,0
BRDA:396,59,3,0
BRDA:411,60,0,0
BRDA:411,60,1,0
BRDA:419,61,0,0
BRDA:419,61,1,0
BRDA:419,62,0,0
BRDA:419,62,1,0
BRDA:421,63,0,0
BRDA:421,63,1,0
BRDA:426,64,0,0
BRDA:426,64,1,0
BRDA:434,65,0,0
BRDA:434,65,1,0
BRDA:434,66,0,0
BRDA:434,66,1,0
BRDA:436,67,0,0
BRDA:436,67,1,0
BRDA:436,68,0,0
BRDA:436,68,1,0
BRDA:446,69,0,0
BRDA:446,69,1,0
BRDA:446,70,0,0
BRDA:446,70,1,0
BRDA:448,71,0,0
BRDA:448,71,1,0
BRDA:457,72,0,0
BRDA:457,72,1,0
BRDA:459,73,0,0
BRDA:459,73,1,0
BRDA:459,74,0,0
BRDA:459,74,1,0
BRDA:463,75,0,0
BRDA:463,75,1,0
BRDA:467,76,0,0
BRDA:467,76,1,0
BRDA:480,77,0,0
BRDA:480,77,1,0
BRDA:485,78,0,0
BRDA:485,78,1,0
BRDA:486,79,0,0
BRDA:486,79,1,0
BRDA:503,80,0,0
BRDA:503,80,1,0
BRDA:508,81,0,0
BRDA:508,81,1,0
BRDA:509,82,0,0
BRDA:509,82,1,0
BRDA:509,82,2,0
BRDA:509,82,3,0
BRDA:529,83,0,0
BRDA:529,83,1,0
BRDA:529,84,0,0
BRDA:529,84,1,0
BRDA:531,85,0,0
BRDA:531,85,1,0
BRDA:541,86,0,0
BRDA:541,86,1,0
BRF:178
BRH:0
end_of_record
