TN:
SF:src/brandi_json_schema.ts
FN:66,validateBrandiJsonSchema
FNF:1
FNH:0
FNDA:0,validateBrandiJsonSchema
DA:1,0
DA:4,0
DA:19,0
DA:65,0
DA:66,0
DA:67,0
DA:68,0
DA:69,0
DA:71,0
DA:74,0
LF:10
LH:0
BRDA:67,0,0,0
BRDA:67,0,1,0
BRF:2
BRH:0
end_of_record
TN:
SF:src/genai.ts
FN:14,getOpenAIClient
FN:51,readBase64File
FN:63,callChat
FN:144,(anonymous_4)
FN:165,callAssistant
FN:175,fileMessageBuilder
FN:206,(anonymous_7)
FN:279,(anonymous_8)
FN:284,(anonymous_9)
FN:290,(anonymous_10)
FN:318,cleanupUploadedFiles
FN:327,(anonymous_12)
FN:338,getOpenAIAssistants
FN:342,(anonymous_14)
FNF:14
FNH:0
FNDA:0,getOpenAIClient
FNDA:0,readBase64File
FNDA:0,callChat
FNDA:0,(anonymous_4)
FNDA:0,callAssistant
FNDA:0,fileMessageBuilder
FNDA:0,(anonymous_7)
FNDA:0,(anonymous_8)
FNDA:0,(anonymous_9)
FNDA:0,(anonymous_10)
FNDA:0,cleanupUploadedFiles
FNDA:0,(anonymous_12)
FNDA:0,getOpenAIAssistants
FNDA:0,(anonymous_14)
DA:1,0
DA:2,0
DA:3,0
DA:4,0
DA:5,0
DA:6,0
DA:8,0
DA:9,0
DA:12,0
DA:15,0
DA:16,0
DA:19,0
DA:20,0
DA:23,0
DA:24,0
DA:27,0
DA:28,0
DA:30,0
DA:53,0
DA:55,0
DA:57,0
DA:58,0
DA:60,0
DA:63,0
DA:64,0
DA:66,0
DA:67,0
DA:68,0
DA:71,0
DA:72,0
DA:81,0
DA:83,0
DA:84,0
DA:86,0
DA:87,0
DA:88,0
DA:91,0
DA:93,0
DA:94,0
DA:107,0
DA:109,0
DA:110,0
DA:111,0
DA:112,0
DA:114,0
DA:115,0
DA:118,0
DA:120,0
DA:121,0
DA:131,0
DA:134,0
DA:141,0
DA:142,0
DA:143,0
DA:144,0
DA:147,0
DA:148,0
DA:149,0
DA:151,0
DA:152,0
DA:156,0
DA:157,0
DA:165,0
DA:166,0
DA:168,0
DA:169,0
DA:170,0
DA:174,0
DA:177,0
DA:178,0
DA:179,0
DA:182,0
DA:183,0
DA:184,0
DA:185,0
DA:186,0
DA:190,0
DA:191,0
DA:192,0
DA:195,0
DA:197,0
DA:198,0
DA:203,0
DA:204,0
DA:205,0
DA:206,0
DA:210,0
DA:213,0
DA:215,0
DA:227,0
DA:229,0
DA:230,0
DA:234,0
DA:235,0
DA:237,0
DA:238,0
DA:239,0
DA:241,0
DA:242,0
DA:243,0
DA:245,0
DA:247,0
DA:248,0
DA:250,0
DA:251,0
DA:252,0
DA:254,0
DA:258,0
DA:261,0
DA:262,0
DA:264,0
DA:265,0
DA:266,0
DA:268,0
DA:269,0
DA:270,0
DA:272,0
DA:273,0
DA:274,0
DA:277,0
DA:278,0
DA:279,0
DA:282,0
DA:283,0
DA:284,0
DA:288,0
DA:289,0
DA:290,0
DA:295,0
DA:297,0
DA:298,0
DA:301,0
DA:304,0
DA:306,0
DA:309,0
DA:312,0
DA:314,0
DA:319,0
DA:321,0
DA:323,0
DA:324,0
DA:325,0
DA:326,0
DA:327,0
DA:330,0
DA:332,0
DA:338,0
DA:339,0
DA:340,0
DA:341,0
DA:342,0
DA:345,0
DA:346,0
DA:348,0
DA:349,0
LF:155
LH:0
BRDA:15,0,0,0
BRDA:15,0,1,0
BRDA:19,1,0,0
BRDA:19,1,1,0
BRDA:19,2,0,0
BRDA:19,2,1,0
BRDA:23,3,0,0
BRDA:23,3,1,0
BRDA:55,4,0,0
BRDA:55,4,1,0
BRDA:64,5,0,0
BRDA:64,5,1,0
BRDA:66,6,0,0
BRDA:66,6,1,0
BRDA:66,7,0,0
BRDA:66,7,1,0
BRDA:73,8,0,0
BRDA:73,8,1,0
BRDA:77,9,0,0
BRDA:77,9,1,0
BRDA:78,10,0,0
BRDA:78,10,1,0
BRDA:83,11,0,0
BRDA:83,11,1,0
BRDA:83,12,0,0
BRDA:83,12,1,0
BRDA:86,13,0,0
BRDA:86,13,1,0
BRDA:109,14,0,0
BRDA:109,14,1,0
BRDA:109,15,0,0
BRDA:109,15,1,0
BRDA:114,16,0,0
BRDA:114,16,1,0
BRDA:147,17,0,0
BRDA:147,17,1,0
BRDA:147,18,0,0
BRDA:147,18,1,0
BRDA:147,18,2,0
BRDA:166,19,0,0
BRDA:166,19,1,0
BRDA:168,20,0,0
BRDA:168,20,1,0
BRDA:168,21,0,0
BRDA:168,21,1,0
BRDA:177,22,0,0
BRDA:177,22,1,0
BRDA:184,23,0,0
BRDA:184,23,1,0
BRDA:190,24,0,0
BRDA:190,24,1,0
BRDA:237,25,0,0
BRDA:237,25,1,0
BRDA:237,26,0,0
BRDA:237,26,1,0
BRDA:239,27,0,0
BRDA:239,27,1,0
BRDA:239,28,0,0
BRDA:239,28,1,0
BRDA:242,29,0,0
BRDA:242,29,1,0
BRDA:247,30,0,0
BRDA:247,30,1,0
BRDA:247,31,0,0
BRDA:247,31,1,0
BRDA:251,32,0,0
BRDA:251,32,1,0
BRDA:259,33,0,0
BRDA:259,33,1,0
BRDA:261,34,0,0
BRDA:261,34,1,0
BRDA:264,35,0,0
BRDA:264,35,1,0
BRDA:268,36,0,0
BRDA:268,36,1,0
BRDA:272,37,0,0
BRDA:272,37,1,0
BRDA:288,38,0,0
BRDA:288,38,1,0
BRDA:319,39,0,0
BRDA:319,39,1,0
BRF:81
BRH:0
end_of_record
TN:
SF:src/prompts.ts
FNF:0
FNH:0
DA:2,0
DA:61,0
LF:2
LH:0
BRF:0
BRH:0
end_of_record
TN:
SF:src/utils/config.ts
FN:51,(anonymous_0)
FN:82,(anonymous_1)
FN:100,(anonymous_2)
FN:121,(anonymous_3)
FN:135,(anonymous_4)
FN:146,(anonymous_5)
FN:156,(anonymous_6)
FN:160,(anonymous_7)
FN:167,(anonymous_8)
FN:171,(anonymous_9)
FN:176,(anonymous_10)
FN:207,(anonymous_11)
FN:248,(anonymous_12)
FN:273,(anonymous_13)
FN:340,getConfig
FN:345,reloadConfig
FNF:16
FNH:0
FNDA:0,(anonymous_0)
FNDA:0,(anonymous_1)
FNDA:0,(anonymous_2)
FNDA:0,(anonymous_3)
FNDA:0,(anonymous_4)
FNDA:0,(anonymous_5)
FNDA:0,(anonymous_6)
FNDA:0,(anonymous_7)
FNDA:0,(anonymous_8)
FNDA:0,(anonymous_9)
FNDA:0,(anonymous_10)
FNDA:0,(anonymous_11)
FNDA:0,(anonymous_12)
FNDA:0,(anonymous_13)
FNDA:0,getConfig
FNDA:0,reloadConfig
DA:1,1
DA:2,1
DA:3,1
DA:5,1
DA:50,1
DA:53,0
DA:54,0
DA:58,0
DA:59,0
DA:60,0
DA:63,0
DA:64,0
DA:69,0
DA:70,0
DA:73,0
DA:74,0
DA:77,0
DA:78,0
DA:83,0
DA:84,0
DA:87,0
DA:88,0
DA:91,0
DA:92,0
DA:95,0
DA:96,0
DA:101,0
DA:102,0
DA:103,0
DA:106,0
DA:107,0
DA:108,0
DA:111,0
DA:112,0
DA:113,0
DA:116,0
DA:117,0
DA:122,0
DA:123,0
DA:126,0
DA:127,0
DA:130,0
DA:131,0
DA:136,0
DA:138,0
DA:139,0
DA:140,0
DA:141,0
DA:143,0
DA:147,0
DA:148,0
DA:152,1
DA:157,0
DA:161,0
DA:162,0
DA:164,0
DA:168,0
DA:172,0
DA:173,0
DA:177,0
DA:180,0
DA:183,0
DA:186,0
DA:189,0
DA:192,0
DA:198,0
DA:204,0
DA:208,0
DA:210,0
DA:249,0
DA:255,0
DA:256,0
DA:257,0
DA:258,0
DA:259,0
DA:260,0
DA:261,0
DA:262,0
DA:264,0
DA:269,0
DA:270,0
DA:274,0
DA:309,0
DA:340,1
DA:341,0
DA:345,1
DA:346,0
LF:87
LH:8
BRDA:51,0,0,0
BRDA:53,1,0,0
BRDA:53,1,1,0
BRDA:53,2,0,0
BRDA:53,2,1,0
BRDA:58,3,0,0
BRDA:58,3,1,0
BRDA:58,4,0,0
BRDA:58,4,1,0
BRDA:59,5,0,0
BRDA:59,5,1,0
BRDA:63,6,0,0
BRDA:63,6,1,0
BRDA:69,7,0,0
BRDA:69,7,1,0
BRDA:69,8,0,0
BRDA:69,8,1,0
BRDA:73,9,0,0
BRDA:73,9,1,0
BRDA:73,10,0,0
BRDA:73,10,1,0
BRDA:77,11,0,0
BRDA:77,11,1,0
BRDA:77,12,0,0
BRDA:77,12,1,0
BRDA:83,13,0,0
BRDA:83,13,1,0
BRDA:87,14,0,0
BRDA:87,14,1,0
BRDA:87,15,0,0
BRDA:87,15,1,0
BRDA:91,16,0,0
BRDA:91,16,1,0
BRDA:91,17,0,0
BRDA:91,17,1,0
BRDA:95,18,0,0
BRDA:95,18,1,0
BRDA:95,19,0,0
BRDA:95,19,1,0
BRDA:102,20,0,0
BRDA:102,20,1,0
BRDA:107,21,0,0
BRDA:107,21,1,0
BRDA:112,22,0,0
BRDA:112,22,1,0
BRDA:116,23,0,0
BRDA:116,23,1,0
BRDA:116,24,0,0
BRDA:116,24,1,0
BRDA:122,25,0,0
BRDA:122,25,1,0
BRDA:122,26,0,0
BRDA:122,26,1,0
BRDA:126,27,0,0
BRDA:126,27,1,0
BRDA:126,28,0,0
BRDA:126,28,1,0
BRDA:130,29,0,0
BRDA:130,29,1,0
BRDA:130,30,0,0
BRDA:130,30,1,0
BRDA:135,31,0,0
BRDA:161,32,0,0
BRDA:161,32,1,0
BRDA:212,33,0,0
BRDA:212,33,1,0
BRDA:213,34,0,0
BRDA:213,34,1,0
BRDA:214,35,0,0
BRDA:214,35,1,0
BRDA:215,36,0,0
BRDA:215,36,1,0
BRDA:216,37,0,0
BRDA:216,37,1,0
BRDA:220,38,0,0
BRDA:220,38,1,0
BRDA:222,39,0,0
BRDA:222,39,1,0
BRDA:223,40,0,0
BRDA:223,40,1,0
BRDA:225,41,0,0
BRDA:225,41,1,0
BRDA:228,42,0,0
BRDA:228,42,1,0
BRDA:231,43,0,0
BRDA:231,43,1,0
BRDA:232,44,0,0
BRDA:232,44,1,0
BRDA:233,45,0,0
BRDA:233,45,1,0
BRDA:234,46,0,0
BRDA:234,46,1,0
BRDA:236,47,0,0
BRDA:236,47,1,0
BRDA:239,48,0,0
BRDA:239,48,1,0
BRDA:240,49,0,0
BRDA:240,49,1,0
BRDA:241,50,0,0
BRDA:241,50,1,0
BRDA:256,51,0,0
BRDA:256,51,1,0
BRF:102
BRH:0
end_of_record
TN:
SF:src/utils/logger.ts
FN:3,(anonymous_0)
FN:33,(anonymous_1)
FN:53,(anonymous_2)
FN:57,(anonymous_3)
FN:91,(anonymous_4)
FN:101,(anonymous_5)
FN:130,(anonymous_6)
FN:134,(anonymous_7)
FN:138,(anonymous_8)
FN:142,(anonymous_9)
FN:147,(anonymous_10)
FN:151,(anonymous_11)
FN:157,(anonymous_12)
FN:161,(anonymous_13)
FN:166,(anonymous_14)
FN:170,(anonymous_15)
FN:174,(anonymous_16)
FN:179,(anonymous_17)
FN:199,(anonymous_18)
FN:219,updateLoggerConfig
FN:224,createModuleLogger
FN:229,(anonymous_21)
FN:231,(anonymous_22)
FN:235,(anonymous_23)
FN:239,(anonymous_24)
FN:243,(anonymous_25)
FN:247,(anonymous_26)
FN:251,(anonymous_27)
FN:255,(anonymous_28)
FN:259,(anonymous_29)
FNF:30
FNH:16
FNDA:2,(anonymous_0)
FNDA:2,(anonymous_1)
FNDA:95,(anonymous_2)
FNDA:47,(anonymous_3)
FNDA:47,(anonymous_4)
FNDA:95,(anonymous_5)
FNDA:48,(anonymous_6)
FNDA:24,(anonymous_7)
FNDA:20,(anonymous_8)
FNDA:3,(anonymous_9)
FNDA:0,(anonymous_10)
FNDA:0,(anonymous_11)
FNDA:0,(anonymous_12)
FNDA:0,(anonymous_13)
FNDA:0,(anonymous_14)
FNDA:0,(anonymous_15)
FNDA:0,(anonymous_16)
FNDA:0,(anonymous_17)
FNDA:0,(anonymous_18)
FNDA:0,updateLoggerConfig
FNDA:5,createModuleLogger
FNDA:5,(anonymous_21)
FNDA:48,(anonymous_22)
FNDA:24,(anonymous_23)
FNDA:20,(anonymous_24)
FNDA:3,(anonymous_25)
FNDA:0,(anonymous_26)
FNDA:0,(anonymous_27)
FNDA:0,(anonymous_28)
FNDA:0,(anonymous_29)
DA:1,2
DA:3,2
DA:4,2
DA:5,2
DA:6,2
DA:7,2
DA:8,2
DA:34,2
DA:44,2
DA:45,0
DA:46,0
DA:48,0
DA:54,95
DA:58,47
DA:59,0
DA:63,47
DA:65,47
DA:66,47
DA:69,47
DA:71,47
DA:72,47
DA:75,47
DA:77,47
DA:78,32
DA:81,47
DA:82,0
DA:83,0
DA:84,0
DA:88,47
DA:92,47
DA:93,0
DA:94,24
DA:95,20
DA:96,3
DA:97,0
DA:102,95
DA:103,48
DA:106,47
DA:115,47
DA:118,47
DA:119,47
DA:120,47
DA:121,47
DA:125,47
DA:126,0
DA:131,48
DA:135,24
DA:139,20
DA:143,3
DA:148,0
DA:152,0
DA:153,0
DA:154,0
DA:158,0
DA:162,0
DA:167,0
DA:171,0
DA:175,0
DA:181,0
DA:182,0
DA:186,0
DA:189,0
DA:190,0
DA:191,0
DA:193,0
DA:200,0
DA:201,0
DA:207,2
DA:216,2
DA:219,2
DA:220,0
DA:224,2
DA:225,5
DA:229,5
DA:232,48
DA:236,24
DA:240,20
DA:244,3
DA:248,0
DA:252,0
DA:256,0
DA:260,0
DA:264,2
LF:83
LH:50
BRDA:3,0,0,2
BRDA:3,0,1,2
BRDA:33,1,0,0
BRDA:44,2,0,0
BRDA:44,2,1,2
BRDA:58,3,0,0
BRDA:58,3,1,47
BRDA:65,4,0,47
BRDA:65,4,1,0
BRDA:71,5,0,47
BRDA:71,5,1,0
BRDA:71,6,0,47
BRDA:71,6,1,47
BRDA:77,7,0,32
BRDA:77,7,1,15
BRDA:81,8,0,0
BRDA:81,8,1,47
BRDA:83,9,0,0
BRDA:83,9,1,0
BRDA:92,10,0,0
BRDA:92,10,1,24
BRDA:92,10,2,20
BRDA:92,10,3,3
BRDA:92,10,4,0
BRDA:102,11,0,48
BRDA:102,11,1,47
BRDA:118,12,0,47
BRDA:118,12,1,0
BRDA:125,13,0,0
BRDA:125,13,1,47
BRDA:152,14,0,0
BRDA:152,14,1,0
BRDA:153,15,0,0
BRDA:153,15,1,0
BRDA:181,16,0,0
BRDA:181,16,1,0
BRDA:181,17,0,0
BRDA:181,17,1,0
BRDA:189,18,0,0
BRDA:189,18,1,0
BRDA:189,19,0,0
BRDA:189,19,1,0
BRDA:200,20,0,0
BRDA:200,20,1,0
BRDA:208,21,0,0
BRDA:208,21,1,2
BRF:46
BRH:19
end_of_record
TN:
SF:src/utils/retry.ts
FN:30,delay
FN:31,(anonymous_1)
FN:34,isRetryableError
FN:41,(anonymous_3)
FN:48,withRetry
FN:97,withRetryOpenAI
FNF:6
FNH:6
FNDA:20,delay
FNDA:20,(anonymous_1)
FNDA:21,isRetryableError
FNDA:51,(anonymous_3)
FNDA:19,withRetry
FNDA:6,withRetryOpenAI
DA:1,2
DA:3,2
DA:13,2
DA:31,20
DA:35,21
DA:37,21
DA:38,21
DA:39,21
DA:41,21
DA:42,51
DA:48,2
DA:53,19
DA:56,19
DA:57,39
DA:58,39
DA:59,39
DA:61,16
DA:62,15
DA:65,16
DA:67,23
DA:69,23
DA:70,2
DA:71,2
DA:74,21
DA:75,1
DA:76,1
DA:79,20
DA:84,20
DA:90,20
DA:94,2
DA:97,2
DA:101,6
LF:32
LH:32
BRDA:35,0,0,0
BRDA:35,0,1,21
BRDA:42,1,0,51
BRDA:42,1,1,33
BRDA:42,1,2,32
BRDA:50,2,0,0
BRDA:51,3,0,0
BRDA:61,4,0,15
BRDA:61,4,1,1
BRDA:69,5,0,2
BRDA:69,5,1,21
BRDA:74,6,0,1
BRDA:74,6,1,20
BRDA:99,7,0,0
BRF:14
BRH:10
end_of_record
TN:
SF:src/utils/utils.ts
FN:19,ensurePuppeteerConfigured
FN:40,(anonymous_2)
FN:46,(anonymous_3)
FN:52,(anonymous_4)
FN:55,(anonymous_5)
FN:66,(anonymous_6)
FN:66,(anonymous_7)
FN:66,(anonymous_8)
FN:68,myParseInt
FN:77,myParseDecimal
FN:88,delay
FN:89,(anonymous_12)
FN:92,parseCSV
FN:101,segmentImageHeaderFooter
FN:163,takeAScreenshotPuppeteer
FN:219,(anonymous_16)
FN:233,(anonymous_17)
FN:271,getSemaphore
FN:278,validJSON
FN:288,detectInputType
FN:310,extractUrlsFromCSV
FN:319,(anonymous_22)
FN:320,(anonymous_23)
FN:345,cleanUrlForDisplay
FN:365,detectCMS
FN:409,(anonymous_26)
FN:410,(anonymous_27)
FN:434,(anonymous_28)
FN:439,(anonymous_29)
FN:441,(anonymous_30)
FN:454,(anonymous_31)
FN:456,(anonymous_32)
FN:466,(anonymous_33)
FN:468,(anonymous_34)
FN:493,(anonymous_35)
FN:495,(anonymous_36)
FN:499,(anonymous_37)
FN:516,(anonymous_38)
FN:518,(anonymous_39)
FN:522,(anonymous_40)
FN:542,(anonymous_41)
FN:545,(anonymous_42)
FN:565,(anonymous_43)
FN:568,(anonymous_44)
FNF:44
FNH:6
FNDA:0,ensurePuppeteerConfigured
FNDA:0,(anonymous_2)
FNDA:0,(anonymous_3)
FNDA:0,(anonymous_4)
FNDA:0,(anonymous_5)
FNDA:0,(anonymous_6)
FNDA:0,(anonymous_7)
FNDA:0,(anonymous_8)
FNDA:0,myParseInt
FNDA:0,myParseDecimal
FNDA:0,delay
FNDA:0,(anonymous_12)
FNDA:14,parseCSV
FNDA:0,segmentImageHeaderFooter
FNDA:0,takeAScreenshotPuppeteer
FNDA:0,(anonymous_16)
FNDA:0,(anonymous_17)
FNDA:0,getSemaphore
FNDA:0,validJSON
FNDA:16,detectInputType
FNDA:9,extractUrlsFromCSV
FNDA:16,(anonymous_22)
FNDA:9,(anonymous_23)
FNDA:11,cleanUrlForDisplay
FNDA:0,detectCMS
FNDA:0,(anonymous_26)
FNDA:0,(anonymous_27)
FNDA:0,(anonymous_28)
FNDA:0,(anonymous_29)
FNDA:0,(anonymous_30)
FNDA:0,(anonymous_31)
FNDA:0,(anonymous_32)
FNDA:0,(anonymous_33)
FNDA:0,(anonymous_34)
FNDA:0,(anonymous_35)
FNDA:0,(anonymous_36)
FNDA:0,(anonymous_37)
FNDA:0,(anonymous_38)
FNDA:0,(anonymous_39)
FNDA:0,(anonymous_40)
FNDA:0,(anonymous_41)
FNDA:0,(anonymous_42)
FNDA:0,(anonymous_43)
FNDA:0,(anonymous_44)
DA:1,1
DA:3,1
DA:4,1
DA:5,1
DA:6,1
DA:7,1
DA:8,1
DA:9,1
DA:11,1
DA:13,1
DA:14,1
DA:15,1
DA:18,1
DA:20,0
DA:21,0
DA:22,0
DA:24,0
DA:25,0
DA:27,0
DA:36,1
DA:41,0
DA:42,0
DA:43,0
DA:47,0
DA:48,0
DA:49,0
DA:52,0
DA:56,0
DA:57,0
DA:58,0
DA:60,0
DA:66,1
DA:68,1
DA:70,0
DA:71,0
DA:72,0
DA:74,0
DA:77,1
DA:79,0
DA:80,0
DA:81,0
DA:83,0
DA:88,1
DA:89,0
DA:92,1
DA:93,14
DA:101,1
DA:102,0
DA:103,0
DA:104,0
DA:107,0
DA:110,0
DA:111,0
DA:114,0
DA:115,0
DA:116,0
DA:117,0
DA:119,0
DA:120,0
DA:123,0
DA:124,0
DA:127,0
DA:128,0
DA:131,0
DA:132,0
DA:135,0
DA:136,0
DA:137,0
DA:138,0
DA:139,0
DA:143,0
DA:144,0
DA:145,0
DA:146,0
DA:147,0
DA:150,0
DA:151,0
DA:154,0
DA:155,0
DA:159,1
DA:163,1
DA:164,0
DA:165,0
DA:166,0
DA:167,0
DA:168,0
DA:170,0
DA:171,0
DA:174,0
DA:175,0
DA:177,0
DA:179,0
DA:180,0
DA:181,0
DA:184,0
DA:185,0
DA:186,0
DA:188,0
DA:189,0
DA:191,0
DA:192,0
DA:194,0
DA:195,0
DA:198,0
DA:199,0
DA:200,0
DA:202,0
DA:206,0
DA:208,0
DA:211,0
DA:213,0
DA:214,0
DA:217,0
DA:218,0
DA:219,0
DA:220,0
DA:221,0
DA:223,0
DA:228,0
DA:229,0
DA:230,0
DA:231,0
DA:233,0
DA:234,0
DA:236,0
DA:237,0
DA:238,0
DA:240,0
DA:241,0
DA:242,0
DA:243,0
DA:249,0
DA:251,0
DA:252,0
DA:254,0
DA:255,0
DA:256,0
DA:257,0
DA:259,0
DA:262,0
DA:263,0
DA:264,0
DA:270,1
DA:271,1
DA:272,0
DA:273,0
DA:275,0
DA:278,1
DA:279,0
DA:280,0
DA:282,0
DA:284,0
DA:288,1
DA:290,16
DA:291,3
DA:295,13
DA:296,3
DA:300,10
DA:301,10
DA:302,8
DA:305,2
DA:310,1
DA:311,9
DA:312,9
DA:314,9
DA:315,1
DA:319,16
DA:320,8
DA:321,9
DA:324,8
DA:325,1
DA:329,7
DA:330,7
DA:331,17
DA:332,17
DA:333,13
DA:337,7
DA:338,1
DA:341,6
DA:345,1
DA:346,11
DA:365,1
DA:366,0
DA:367,0
DA:370,0
DA:371,0
DA:372,0
DA:374,0
DA:376,0
DA:377,0
DA:380,0
DA:381,0
DA:382,0
DA:383,0
DA:386,0
DA:393,0
DA:394,0
DA:395,0
DA:396,0
DA:398,0
DA:400,0
DA:401,0
DA:402,0
DA:403,0
DA:407,0
DA:409,0
DA:410,0
DA:411,0
DA:412,0
DA:415,0
DA:416,0
DA:422,0
DA:423,0
DA:424,0
DA:425,0
DA:427,0
DA:429,0
DA:432,0
DA:433,0
DA:434,0
DA:436,0
DA:439,0
DA:440,0
DA:441,0
DA:442,0
DA:443,0
DA:444,0
DA:445,0
DA:446,0
DA:447,0
DA:454,0
DA:455,0
DA:456,0
DA:457,0
DA:458,0
DA:459,0
DA:462,0
DA:465,0
DA:466,0
DA:467,0
DA:468,0
DA:469,0
DA:470,0
DA:471,0
DA:474,0
DA:477,0
DA:478,0
DA:479,0
DA:480,0
DA:481,0
DA:482,0
DA:483,0
DA:484,0
DA:488,0
DA:489,0
DA:492,0
DA:493,0
DA:495,0
DA:499,0
DA:501,0
DA:502,0
DA:503,0
DA:506,0
DA:510,0
DA:511,0
DA:515,0
DA:516,0
DA:518,0
DA:522,0
DA:524,0
DA:525,0
DA:526,0
DA:529,0
DA:535,0
DA:536,0
DA:540,0
DA:541,0
DA:542,0
DA:546,0
DA:547,0
DA:550,0
DA:551,0
DA:552,0
DA:553,0
DA:554,0
DA:558,0
DA:559,0
DA:561,0
DA:562,0
DA:564,0
DA:565,0
DA:569,0
LF:292
LH:56
BRDA:20,0,0,0
BRDA:20,0,1,0
BRDA:24,1,0,0
BRDA:24,1,1,0
BRDA:47,2,0,0
BRDA:47,2,1,0
BRDA:56,3,0,0
BRDA:56,3,1,0
BRDA:58,4,0,0
BRDA:58,4,1,0
BRDA:71,5,0,0
BRDA:71,5,1,0
BRDA:80,6,0,0
BRDA:80,6,1,0
BRDA:110,7,0,0
BRDA:110,7,1,0
BRDA:119,8,0,0
BRDA:119,8,1,0
BRDA:120,9,0,0
BRDA:120,9,1,0
BRDA:123,10,0,0
BRDA:123,10,1,0
BRDA:123,11,0,0
BRDA:123,11,1,0
BRDA:127,12,0,0
BRDA:127,12,1,0
BRDA:127,13,0,0
BRDA:127,13,1,0
BRDA:131,14,0,0
BRDA:131,14,1,0
BRDA:131,15,0,0
BRDA:131,15,1,0
BRDA:135,16,0,0
BRDA:135,16,1,0
BRDA:143,17,0,0
BRDA:143,17,1,0
BRDA:174,18,0,0
BRDA:174,18,1,0
BRDA:174,19,0,0
BRDA:174,19,1,0
BRDA:177,20,0,0
BRDA:177,20,1,0
BRDA:179,21,0,0
BRDA:179,21,1,0
BRDA:179,22,0,0
BRDA:179,22,1,0
BRDA:185,23,0,0
BRDA:185,23,1,0
BRDA:185,24,0,0
BRDA:185,24,1,0
BRDA:188,25,0,0
BRDA:188,25,1,0
BRDA:188,26,0,0
BRDA:188,26,1,0
BRDA:191,27,0,0
BRDA:191,27,1,0
BRDA:194,28,0,0
BRDA:194,28,1,0
BRDA:217,29,0,0
BRDA:217,29,1,0
BRDA:220,30,0,0
BRDA:220,30,1,0
BRDA:254,31,0,0
BRDA:254,31,1,0
BRDA:262,32,0,0
BRDA:262,32,1,0
BRDA:272,33,0,0
BRDA:272,33,1,0
BRDA:290,34,0,3
BRDA:290,34,1,13
BRDA:295,35,0,3
BRDA:295,35,1,10
BRDA:295,36,0,13
BRDA:295,36,1,12
BRDA:301,37,0,0
BRDA:301,37,1,10
BRDA:314,38,0,1
BRDA:314,38,1,8
BRDA:321,39,0,9
BRDA:321,39,1,5
BRDA:321,39,2,4
BRDA:321,39,3,3
BRDA:324,40,0,1
BRDA:324,40,1,7
BRDA:332,41,0,13
BRDA:332,41,1,4
BRDA:332,42,0,17
BRDA:332,42,1,13
BRDA:337,43,0,1
BRDA:337,43,1,6
BRDA:370,44,0,0
BRDA:370,44,1,0
BRDA:370,45,0,0
BRDA:370,45,1,0
BRDA:374,46,0,0
BRDA:374,46,1,0
BRDA:376,47,0,0
BRDA:376,47,1,0
BRDA:376,48,0,0
BRDA:376,48,1,0
BRDA:381,49,0,0
BRDA:381,49,1,0
BRDA:381,50,0,0
BRDA:381,50,1,0
BRDA:401,51,0,0
BRDA:401,51,1,0
BRDA:411,52,0,0
BRDA:411,52,1,0
BRDA:416,53,0,0
BRDA:416,53,1,0
BRDA:417,54,0,0
BRDA:417,54,1,0
BRDA:417,54,2,0
BRDA:417,54,3,0
BRDA:432,55,0,0
BRDA:432,55,1,0
BRDA:440,56,0,0
BRDA:440,56,1,0
BRDA:440,57,0,0
BRDA:440,57,1,0
BRDA:442,58,0,0
BRDA:442,58,1,0
BRDA:447,59,0,0
BRDA:447,59,1,0
BRDA:455,60,0,0
BRDA:455,60,1,0
BRDA:455,61,0,0
BRDA:455,61,1,0
BRDA:457,62,0,0
BRDA:457,62,1,0
BRDA:457,63,0,0
BRDA:457,63,1,0
BRDA:467,64,0,0
BRDA:467,64,1,0
BRDA:467,65,0,0
BRDA:467,65,1,0
BRDA:469,66,0,0
BRDA:469,66,1,0
BRDA:478,67,0,0
BRDA:478,67,1,0
BRDA:480,68,0,0
BRDA:480,68,1,0
BRDA:480,69,0,0
BRDA:480,69,1,0
BRDA:484,70,0,0
BRDA:484,70,1,0
BRDA:488,71,0,0
BRDA:488,71,1,0
BRDA:501,72,0,0
BRDA:501,72,1,0
BRDA:506,73,0,0
BRDA:506,73,1,0
BRDA:507,74,0,0
BRDA:507,74,1,0
BRDA:524,75,0,0
BRDA:524,75,1,0
BRDA:529,76,0,0
BRDA:529,76,1,0
BRDA:530,77,0,0
BRDA:530,77,1,0
BRDA:530,77,2,0
BRDA:530,77,3,0
BRDA:550,78,0,0
BRDA:550,78,1,0
BRDA:550,79,0,0
BRDA:550,79,1,0
BRDA:552,80,0,0
BRDA:552,80,1,0
BRDA:562,81,0,0
BRDA:562,81,1,0
BRF:170
BRH:21
end_of_record
TN:
SF:src/utils/file/index.ts
FN:2,(anonymous_0)
FN:3,(anonymous_1)
FN:4,(anonymous_2)
FN:5,(anonymous_3)
FN:6,(anonymous_4)
FN:7,(anonymous_5)
FN:8,(anonymous_6)
FN:9,(anonymous_7)
FN:10,(anonymous_8)
FNF:9
FNH:1
FNDA:0,(anonymous_0)
FNDA:0,(anonymous_1)
FNDA:0,(anonymous_2)
FNDA:0,(anonymous_3)
FNDA:9,(anonymous_4)
FNDA:0,(anonymous_5)
FNDA:0,(anonymous_6)
FNDA:0,(anonymous_7)
FNDA:0,(anonymous_8)
DA:1,1
DA:2,1
DA:3,1
DA:4,1
DA:5,1
DA:6,10
DA:7,1
DA:8,1
DA:9,1
DA:10,1
LF:10
LH:10
BRF:0
BRH:0
end_of_record
TN:
SF:src/utils/file/operations.ts
FN:17,validateFilePath
FN:38,validateImageExtension
FN:49,validateImageFile
FN:74,analyzeFilePath
FN:112,loadCSVFromFile
FN:130,readFileSecurely
FN:143,fileExists
FN:155,getFileStats
FNF:8
FNH:8
FNDA:56,validateFilePath
FNDA:23,validateImageExtension
FNDA:5,validateImageFile
FNDA:9,analyzeFilePath
FNDA:13,loadCSVFromFile
FNDA:3,readFileSecurely
FNDA:7,fileExists
FNDA:3,getFileStats
DA:1,2
DA:2,2
DA:3,2
DA:4,2
DA:6,2
DA:11,2
DA:17,2
DA:19,56
DA:20,5
DA:24,51
DA:25,11
DA:29,40
DA:30,40
DA:31,7
DA:38,2
DA:39,23
DA:40,23
DA:41,6
DA:49,2
DA:51,5
DA:54,4
DA:57,3
DA:58,1
DA:62,2
DA:63,2
DA:64,1
DA:67,1
DA:74,2
DA:76,9
DA:77,1
DA:80,8
DA:81,3
DA:85,5
DA:87,4
DA:88,4
DA:89,4
DA:92,4
DA:93,3
DA:96,1
DA:97,1
DA:99,1
DA:100,0
DA:103,1
DA:106,4
DA:112,2
DA:114,13
DA:116,11
DA:117,11
DA:118,11
DA:119,10
DA:120,10
DA:122,1
DA:123,1
DA:130,2
DA:131,3
DA:133,2
DA:134,1
DA:137,1
DA:143,2
DA:144,7
DA:145,7
DA:146,3
DA:148,4
DA:155,2
DA:156,3
DA:158,2
DA:159,1
DA:162,1
LF:68
LH:67
BRDA:19,0,0,5
BRDA:19,0,1,51
BRDA:19,1,0,56
BRDA:19,1,1,52
BRDA:24,2,0,11
BRDA:24,2,1,40
BRDA:24,3,0,51
BRDA:24,3,1,42
BRDA:30,4,0,7
BRDA:30,4,1,33
BRDA:40,5,0,6
BRDA:40,5,1,17
BRDA:57,6,0,1
BRDA:57,6,1,2
BRDA:63,7,0,1
BRDA:63,7,1,1
BRDA:76,8,0,1
BRDA:76,8,1,8
BRDA:76,9,0,9
BRDA:76,9,1,8
BRDA:80,10,0,3
BRDA:80,10,1,5
BRDA:80,11,0,8
BRDA:80,11,1,7
BRDA:87,12,0,4
BRDA:87,12,1,1
BRDA:92,13,0,3
BRDA:92,13,1,1
BRDA:92,14,0,4
BRDA:92,14,1,4
BRDA:99,15,0,0
BRDA:99,15,1,1
BRDA:99,16,0,1
BRDA:99,16,1,1
BRDA:133,17,0,1
BRDA:133,17,1,1
BRDA:158,18,0,1
BRDA:158,18,1,1
BRF:38
BRH:37
end_of_record
